<?xml version="1.0" encoding="UTF-8"?>
<!-- Generated by org.testng.reporters.JUnitReportReporter -->
<testsuite skipped="0" hostname="SwapnaTirumala" name="com.Internet.qa.testcases.HomePagetestcases" tests="16" failures="0" timestamp="28 Dec 2018 07:34:40 GMT" time="185.272" errors="0">
  <testcase name="clickOnBrokenImagesLnk" time="11.245" classname="com.Internet.qa.testcases.HomePagetestcases"/>
  <testcase name="clickOnBrokenImagesLnk" time="12.808" classname="com.Internet.qa.testcases.HomePagetestcases"/>
  <testcase name="ClickOnChkboxLnkTest" time="13.182" classname="com.Internet.qa.testcases.HomePagetestcases"/>
  <testcase name="ClickOnChkboxLnkTest" time="11.691" classname="com.Internet.qa.testcases.HomePagetestcases"/>
  <testcase name="ClickOnDragnDropLnkTest" time="10.987" classname="com.Internet.qa.testcases.HomePagetestcases"/>
  <testcase name="ClickOnDragnDropLnkTest" time="9.901" classname="com.Internet.qa.testcases.HomePagetestcases"/>
  <testcase name="ClickOnDropdownLnkTest" time="12.441" classname="com.Internet.qa.testcases.HomePagetestcases"/>
  <testcase name="ClickOnDropdownLnkTest" time="9.969" classname="com.Internet.qa.testcases.HomePagetestcases"/>
  <testcase name="ClickOnSortableTableLnkTest" time="10.499" classname="com.Internet.qa.testcases.HomePagetestcases"/>
  <testcase name="ClickOnSortableTableLnkTest" time="11.831" classname="com.Internet.qa.testcases.HomePagetestcases"/>
  <testcase name="LinksinHomepage" time="10.463" classname="com.Internet.qa.testcases.HomePagetestcases"/>
  <testcase name="LinksinHomepage" time="11.054" classname="com.Internet.qa.testcases.HomePagetestcases"/>
  <testcase name="ChkbrokenLinksInHomepgTest" time="14.929" classname="com.Internet.qa.testcases.HomePagetestcases"/>
  <testcase name="ChkbrokenLinksInHomepgTest" time="11.371" classname="com.Internet.qa.testcases.HomePagetestcases"/>
  <testcase name="GetLinksCntBrokenInHomepgTest" time="11.350" classname="com.Internet.qa.testcases.HomePagetestcases"/>
  <testcase name="GetLinksCntBrokenInHomepgTest" time="11.551" classname="com.Internet.qa.testcases.HomePagetestcases"/>
</testsuite> <!-- com.Internet.qa.testcases.HomePagetestcases -->
