<?xml version="1.0" encoding="UTF-8"?>
<!-- Generated by org.testng.reporters.JUnitReportReporter -->
<testsuite skipped="0" hostname="SwapnaTirumala" name="com.Internet.qa.testcases.DragnDroppageTestcases" tests="1" failures="0" timestamp="27 Dec 2018 04:59:56 GMT" time="10.684" errors="0">
  <testcase name="dragdropTest" time="10.684" classname="com.Internet.qa.testcases.DragnDroppageTestcases"/>
</testsuite> <!-- com.Internet.qa.testcases.DragnDroppageTestcases -->
