<?xml version="1.0" encoding="UTF-8"?>
<!-- Generated by org.testng.reporters.JUnitReportReporter -->
<testsuite skipped="0" hostname="SwapnaTirumala" name="com.Internet.qa.testcases.BrokenImagepgTestcases" tests="1" failures="0" timestamp="27 Dec 2018 05:33:36 GMT" time="39.348" errors="0">
  <testcase name="getAllThebrokenImgTest" time="39.348" classname="com.Internet.qa.testcases.BrokenImagepgTestcases"/>
</testsuite> <!-- com.Internet.qa.testcases.BrokenImagepgTestcases -->
