<?xml version="1.0" encoding="UTF-8"?>
<!-- Generated by org.testng.reporters.JUnitReportReporter -->
<testsuite skipped="0" hostname="SwapnaTirumala" name="com.Internet.qa.testcases.DropdownTestcases" tests="1" failures="0" timestamp="28 Dec 2018 07:34:40 GMT" time="11.846" errors="0">
  <testcase name="Dropdowntest" time="11.846" classname="com.Internet.qa.testcases.DropdownTestcases"/>
</testsuite> <!-- com.Internet.qa.testcases.DropdownTestcases -->
