<?xml version="1.0" encoding="UTF-8"?>
<!-- Generated by org.testng.reporters.JUnitReportReporter -->
<testsuite skipped="0" hostname="SwapnaTirumala" name="com.Internet.qa.testcases.Checkboxpagetestcases" tests="1" failures="0" timestamp="27 Dec 2018 05:28:57 GMT" time="10.679" errors="0">
  <testcase name="SelChBox" time="10.679" classname="com.Internet.qa.testcases.Checkboxpagetestcases"/>
</testsuite> <!-- com.Internet.qa.testcases.Checkboxpagetestcases -->
