<?xml version="1.0" encoding="UTF-8"?>
<!-- Generated by org.testng.reporters.JUnitReportReporter -->
<testsuite skipped="0" hostname="SwapnaTirumala" name="com.Internet.qa.testcases.MouseHoverpgtestcases" tests="3" failures="0" timestamp="27 Dec 2018 05:17:34 GMT" time="33.494" errors="0">
  <testcase name="ClickOnProfileafterHover1" time="10.773" classname="com.Internet.qa.testcases.MouseHoverpgtestcases"/>
  <testcase name="ClickOnProfileafterHover2" time="12.084" classname="com.Internet.qa.testcases.MouseHoverpgtestcases"/>
  <testcase name="ClickOnProfileafterHover3" time="10.637" classname="com.Internet.qa.testcases.MouseHoverpgtestcases"/>
</testsuite> <!-- com.Internet.qa.testcases.MouseHoverpgtestcases -->
